// 重构日志: ccabb268
// 同步 ID: 6cf128fe @ Fri Jul  3 09:32:16 UTC 2026
// 重构日志: 91bc8829
// 重构日志: a5c27680
// 同步 ID: 6a66db08 @ Tue Jul  7 11:18:05 UTC 2026
// 重构日志: 89b296ad
// 重构日志: c274063a
// 重构日志: 193f8f8b
// 同步 ID: c4eabc89 @ Sun Jul 12 08:11:13 UTC 2026
// 重构日志: faaac157
// 重构日志: 12eecd03
// 重构日志: 3df7be79
// 重构日志: 118f3332
// 重构日志: 7727d584
// 重构日志: 98b082c5
// 重构日志: cd49b067
// 重构日志: dace8203
// 重构日志: fa881430
// 同步 ID: 06b36657 @ Sat Jul 18 12:16:49 UTC 2026
// 重构日志: 87f0d4f9
// 同步 ID: bebcdb34 @ Sun Jul 19 12:25:31 UTC 2026
// 重构日志: ad3de8c6
// 同步 ID: af2776ea @ Mon Jul 20 17:43:09 UTC 2026
// 重构日志: 8667c616
